2011/07/20 08:59:19 [error] [exception.CDbException] could not find driver
2011/07/20 08:59:19 [error] [exception.CDbException] exception 'CDbException' with message 'CDbConnection failed to open the DB connection.' in /var/www/nebaz/data/www/yii.sctb.ru/yii/framework/db/CDbConnection.php:370
Stack trace:
#0 /var/www/nebaz/data/www/yii.sctb.ru/yii/framework/db/CDbConnection.php(313): CDbConnection->open()
#1 /var/www/nebaz/data/www/yii.sctb.ru/yii/framework/db/CDbConnection.php(291): CDbConnection->setActive(true)
#2 /var/www/nebaz/data/www/yii.sctb.ru/yii/framework/base/CModule.php(372): CDbConnection->init()
#3 /var/www/nebaz/data/www/yii.sctb.ru/yii/framework/base/CApplication.php(429): CModule->getComponent('db')
#4 /var/www/nebaz/data/www/yii.sctb.ru/yii/framework/db/ar/CActiveRecord.php(609): CApplication->getDb()
#5 /var/www/nebaz/data/www/yii.sctb.ru/yii/framework/db/ar/CActiveRecord.php(2275): CActiveRecord->getDbConnection()
#6 /var/www/nebaz/data/www/yii.sctb.ru/yii/framework/db/ar/CActiveRecord.php(372): CActiveRecordMetaData->__construct(Object(Post))
#7 /var/www/nebaz/data/www/yii.sctb.ru/yii/framework/web/CActiveDataProvider.php(72): CActiveRecord::model('Post')
#8 /var/www/nebaz/data/www/yii.sctb.ru/yii/demos/blog/protected/controllers/PostController.php(132): CActiveDataProvider->__construct('Post', Array)
#9 /var/www/nebaz/data/www/yii.sctb.ru/yii/framework/web/actions/CInlineAction.php(50): PostController->actionIndex()
#10 /var/www/nebaz/data/www/yii.sctb.ru/yii/framework/web/CController.php(300): CInlineAction->runWithParams(Array)
#11 /var/www/nebaz/data/www/yii.sctb.ru/yii/framework/web/filters/CFilterChain.php(134): CController->runAction(Object(CInlineAction))
#12 /var/www/nebaz/data/www/yii.sctb.ru/yii/framework/web/filters/CFilter.php(41): CFilterChain->run()
#13 /var/www/nebaz/data/www/yii.sctb.ru/yii/framework/web/CController.php(1144): CFilter->filter(Object(CFilterChain))
#14 /var/www/nebaz/data/www/yii.sctb.ru/yii/framework/web/filters/CInlineFilter.php(59): CController->filterAccessControl(Object(CFilterChain))
#15 /var/www/nebaz/data/www/yii.sctb.ru/yii/framework/web/filters/CFilterChain.php(131): CInlineFilter->filter(Object(CFilterChain))
#16 /var/www/nebaz/data/www/yii.sctb.ru/yii/framework/web/CController.php(283): CFilterChain->run()
#17 /var/www/nebaz/data/www/yii.sctb.ru/yii/framework/web/CController.php(257): CController->runActionWithFilters(Object(CInlineAction), Array)
#18 /var/www/nebaz/data/www/yii.sctb.ru/yii/framework/web/CWebApplication.php(277): CController->run('')
#19 /var/www/nebaz/data/www/yii.sctb.ru/yii/framework/web/CWebApplication.php(136): CWebApplication->runController('')
#20 /var/www/nebaz/data/www/yii.sctb.ru/yii/framework/base/CApplication.php(158): CWebApplication->processRequest()
#21 /var/www/nebaz/data/www/yii.sctb.ru/yii/demos/blog/index.php(11): CApplication->run()
#22 {main} REQUEST_URI=/yii/demos/blog/
2011/07/20 08:59:26 [error] [exception.CException] exception 'CException' with message 'CAssetManager.basePath "/var/www/nebaz/data/www/yii.sctb.ru/yii/demos/blog/assets" is invalid. Please make sure the directory exists and is writable by the Web server process.' in /var/www/nebaz/data/www/yii.sctb.ru/yii/framework/web/CAssetManager.php:112
Stack trace:
#0 /var/www/nebaz/data/www/yii.sctb.ru/yii/framework/web/CAssetManager.php(97): CAssetManager->setBasePath('/var/www/nebaz/...')
#1 /var/www/nebaz/data/www/yii.sctb.ru/yii/framework/web/CAssetManager.php(207): CAssetManager->getBasePath()
#2 /var/www/nebaz/data/www/yii.sctb.ru/yii/framework/web/CClientScript.php(453): CAssetManager->publish('/var/www/nebaz/...')
#3 /var/www/nebaz/data/www/yii.sctb.ru/yii/framework/web/CClientScript.php(490): CClientScript->getCoreScriptUrl()
#4 /var/www/nebaz/data/www/yii.sctb.ru/yii/framework/web/CClientScript.php(306): CClientScript->getPackageBaseUrl('jquery')
#5 /var/www/nebaz/data/www/yii.sctb.ru/yii/framework/web/CClientScript.php(197): CClientScript->renderCoreScripts()
#6 /var/www/nebaz/data/www/yii.sctb.ru/yii/framework/web/CController.php(343): CClientScript->render('<!DOCTYPE html ...')
#7 /var/www/nebaz/data/www/yii.sctb.ru/yii/framework/web/CController.php(785): CController->processOutput('<!DOCTYPE html ...')
#8 /var/www/nebaz/data/www/yii.sctb.ru/yii/demos/blog/protected/controllers/SiteController.php(57): CController->render('contact', Array)
#9 /var/www/nebaz/data/www/yii.sctb.ru/yii/framework/web/actions/CInlineAction.php(50): SiteController->actionContact()
#10 /var/www/nebaz/data/www/yii.sctb.ru/yii/framework/web/CController.php(300): CInlineAction->runWithParams(Array)
#11 /var/www/nebaz/data/www/yii.sctb.ru/yii/framework/web/CController.php(278): CController->runAction(Object(CInlineAction))
#12 /var/www/nebaz/data/www/yii.sctb.ru/yii/framework/web/CController.php(257): CController->runActionWithFilters(Object(CInlineAction), Array)
#13 /var/www/nebaz/data/www/yii.sctb.ru/yii/framework/web/CWebApplication.php(277): CController->run('contact')
#14 /var/www/nebaz/data/www/yii.sctb.ru/yii/framework/web/CWebApplication.php(136): CWebApplication->runController('site/contact')
#15 /var/www/nebaz/data/www/yii.sctb.ru/yii/framework/base/CApplication.php(158): CWebApplication->processRequest()
#16 /var/www/nebaz/data/www/yii.sctb.ru/yii/demos/blog/index.php(11): CApplication->run()
#17 {main} REQUEST_URI=/yii/demos/blog/index.php/site/contact
2011/08/12 08:56:32 [error] [exception.CDbException] could not find driver
2011/08/12 08:56:32 [error] [exception.CDbException] exception 'CDbException' with message 'CDbConnection failed to open the DB connection.' in C:\projects\yii.my\www\yii\framework\db\CDbConnection.php:370
Stack trace:
#0 C:\projects\yii.my\www\yii\framework\db\CDbConnection.php(313): CDbConnection->open()
#1 C:\projects\yii.my\www\yii\framework\db\CDbConnection.php(291): CDbConnection->setActive(true)
#2 C:\projects\yii.my\www\yii\framework\base\CModule.php(372): CDbConnection->init()
#3 C:\projects\yii.my\www\yii\framework\base\CApplication.php(429): CModule->getComponent('db')
#4 C:\projects\yii.my\www\yii\framework\db\ar\CActiveRecord.php(609): CApplication->getDb()
#5 C:\projects\yii.my\www\yii\framework\db\ar\CActiveRecord.php(2275): CActiveRecord->getDbConnection()
#6 C:\projects\yii.my\www\yii\framework\db\ar\CActiveRecord.php(372): CActiveRecordMetaData->__construct(Object(Post))
#7 C:\projects\yii.my\www\yii\framework\web\CActiveDataProvider.php(72): CActiveRecord::model('Post')
#8 C:\projects\yii.my\www\yii\demos\blog\protected\controllers\PostController.php(132): CActiveDataProvider->__construct('Post', Array)
#9 C:\projects\yii.my\www\yii\framework\web\actions\CInlineAction.php(50): PostController->actionIndex()
#10 C:\projects\yii.my\www\yii\framework\web\CController.php(300): CInlineAction->runWithParams(Array)
#11 C:\projects\yii.my\www\yii\framework\web\filters\CFilterChain.php(134): CController->runAction(Object(CInlineAction))
#12 C:\projects\yii.my\www\yii\framework\web\filters\CFilter.php(41): CFilterChain->run()
#13 C:\projects\yii.my\www\yii\framework\web\CController.php(1144): CFilter->filter(Object(CFilterChain))
#14 C:\projects\yii.my\www\yii\framework\web\filters\CInlineFilter.php(59): CController->filterAccessControl(Object(CFilterChain))
#15 C:\projects\yii.my\www\yii\framework\web\filters\CFilterChain.php(131): CInlineFilter->filter(Object(CFilterChain))
#16 C:\projects\yii.my\www\yii\framework\web\CController.php(283): CFilterChain->run()
#17 C:\projects\yii.my\www\yii\framework\web\CController.php(257): CController->runActionWithFilters(Object(CInlineAction), Array)
#18 C:\projects\yii.my\www\yii\framework\web\CWebApplication.php(277): CController->run('')
#19 C:\projects\yii.my\www\yii\framework\web\CWebApplication.php(136): CWebApplication->runController('')
#20 C:\projects\yii.my\www\yii\framework\base\CApplication.php(158): CWebApplication->processRequest()
#21 C:\projects\yii.my\www\yii\demos\blog\index.php(11): CApplication->run()
#22 {main} REQUEST_URI=/yii/demos/blog/
2011/08/12 08:56:37 [error] [exception.CDbException] could not find driver
2011/08/12 08:56:37 [error] [exception.CDbException] exception 'CDbException' with message 'CDbConnection failed to open the DB connection.' in C:\projects\yii.my\www\yii\framework\db\CDbConnection.php:370
Stack trace:
#0 C:\projects\yii.my\www\yii\framework\db\CDbConnection.php(313): CDbConnection->open()
#1 C:\projects\yii.my\www\yii\framework\db\CDbConnection.php(291): CDbConnection->setActive(true)
#2 C:\projects\yii.my\www\yii\framework\base\CModule.php(372): CDbConnection->init()
#3 C:\projects\yii.my\www\yii\framework\base\CApplication.php(429): CModule->getComponent('db')
#4 C:\projects\yii.my\www\yii\framework\db\ar\CActiveRecord.php(609): CApplication->getDb()
#5 C:\projects\yii.my\www\yii\framework\db\ar\CActiveRecord.php(2275): CActiveRecord->getDbConnection()
#6 C:\projects\yii.my\www\yii\framework\db\ar\CActiveRecord.php(372): CActiveRecordMetaData->__construct(Object(Post))
#7 C:\projects\yii.my\www\yii\framework\web\CActiveDataProvider.php(72): CActiveRecord::model('Post')
#8 C:\projects\yii.my\www\yii\demos\blog\protected\controllers\PostController.php(132): CActiveDataProvider->__construct('Post', Array)
#9 C:\projects\yii.my\www\yii\framework\web\actions\CInlineAction.php(50): PostController->actionIndex()
#10 C:\projects\yii.my\www\yii\framework\web\CController.php(300): CInlineAction->runWithParams(Array)
#11 C:\projects\yii.my\www\yii\framework\web\filters\CFilterChain.php(134): CController->runAction(Object(CInlineAction))
#12 C:\projects\yii.my\www\yii\framework\web\filters\CFilter.php(41): CFilterChain->run()
#13 C:\projects\yii.my\www\yii\framework\web\CController.php(1144): CFilter->filter(Object(CFilterChain))
#14 C:\projects\yii.my\www\yii\framework\web\filters\CInlineFilter.php(59): CController->filterAccessControl(Object(CFilterChain))
#15 C:\projects\yii.my\www\yii\framework\web\filters\CFilterChain.php(131): CInlineFilter->filter(Object(CFilterChain))
#16 C:\projects\yii.my\www\yii\framework\web\CController.php(283): CFilterChain->run()
#17 C:\projects\yii.my\www\yii\framework\web\CController.php(257): CController->runActionWithFilters(Object(CInlineAction), Array)
#18 C:\projects\yii.my\www\yii\framework\web\CWebApplication.php(277): CController->run('index')
#19 C:\projects\yii.my\www\yii\framework\web\CWebApplication.php(136): CWebApplication->runController('post/index')
#20 C:\projects\yii.my\www\yii\framework\base\CApplication.php(158): CWebApplication->processRequest()
#21 C:\projects\yii.my\www\yii\demos\blog\index.php(11): CApplication->run()
#22 {main} REQUEST_URI=/yii/demos/blog/index.php/post/index
2011/08/12 08:56:38 [error] [exception.CDbException] could not find driver
2011/08/12 08:56:38 [error] [exception.CDbException] exception 'CDbException' with message 'CDbConnection failed to open the DB connection.' in C:\projects\yii.my\www\yii\framework\db\CDbConnection.php:370
Stack trace:
#0 C:\projects\yii.my\www\yii\framework\db\CDbConnection.php(313): CDbConnection->open()
#1 C:\projects\yii.my\www\yii\framework\db\CDbConnection.php(291): CDbConnection->setActive(true)
#2 C:\projects\yii.my\www\yii\framework\base\CModule.php(372): CDbConnection->init()
#3 C:\projects\yii.my\www\yii\framework\base\CApplication.php(429): CModule->getComponent('db')
#4 C:\projects\yii.my\www\yii\framework\db\ar\CActiveRecord.php(609): CApplication->getDb()
#5 C:\projects\yii.my\www\yii\framework\db\ar\CActiveRecord.php(2275): CActiveRecord->getDbConnection()
#6 C:\projects\yii.my\www\yii\framework\db\ar\CActiveRecord.php(372): CActiveRecordMetaData->__construct(Object(Post))
#7 C:\projects\yii.my\www\yii\framework\web\CActiveDataProvider.php(72): CActiveRecord::model('Post')
#8 C:\projects\yii.my\www\yii\demos\blog\protected\controllers\PostController.php(132): CActiveDataProvider->__construct('Post', Array)
#9 C:\projects\yii.my\www\yii\framework\web\actions\CInlineAction.php(50): PostController->actionIndex()
#10 C:\projects\yii.my\www\yii\framework\web\CController.php(300): CInlineAction->runWithParams(Array)
#11 C:\projects\yii.my\www\yii\framework\web\filters\CFilterChain.php(134): CController->runAction(Object(CInlineAction))
#12 C:\projects\yii.my\www\yii\framework\web\filters\CFilter.php(41): CFilterChain->run()
#13 C:\projects\yii.my\www\yii\framework\web\CController.php(1144): CFilter->filter(Object(CFilterChain))
#14 C:\projects\yii.my\www\yii\framework\web\filters\CInlineFilter.php(59): CController->filterAccessControl(Object(CFilterChain))
#15 C:\projects\yii.my\www\yii\framework\web\filters\CFilterChain.php(131): CInlineFilter->filter(Object(CFilterChain))
#16 C:\projects\yii.my\www\yii\framework\web\CController.php(283): CFilterChain->run()
#17 C:\projects\yii.my\www\yii\framework\web\CController.php(257): CController->runActionWithFilters(Object(CInlineAction), Array)
#18 C:\projects\yii.my\www\yii\framework\web\CWebApplication.php(277): CController->run('index')
#19 C:\projects\yii.my\www\yii\framework\web\CWebApplication.php(136): CWebApplication->runController('post/index')
#20 C:\projects\yii.my\www\yii\framework\base\CApplication.php(158): CWebApplication->processRequest()
#21 C:\projects\yii.my\www\yii\demos\blog\index.php(11): CApplication->run()
#22 {main} REQUEST_URI=/yii/demos/blog/index.php/post/index
2011/08/12 08:56:42 [error] [exception.CDbException] could not find driver
2011/08/12 08:56:42 [error] [exception.CDbException] exception 'CDbException' with message 'CDbConnection failed to open the DB connection.' in C:\projects\yii.my\www\yii\framework\db\CDbConnection.php:370
Stack trace:
#0 C:\projects\yii.my\www\yii\framework\db\CDbConnection.php(313): CDbConnection->open()
#1 C:\projects\yii.my\www\yii\framework\db\CDbConnection.php(291): CDbConnection->setActive(true)
#2 C:\projects\yii.my\www\yii\framework\base\CModule.php(372): CDbConnection->init()
#3 C:\projects\yii.my\www\yii\framework\base\CApplication.php(429): CModule->getComponent('db')
#4 C:\projects\yii.my\www\yii\framework\db\ar\CActiveRecord.php(609): CApplication->getDb()
#5 C:\projects\yii.my\www\yii\framework\db\ar\CActiveRecord.php(2275): CActiveRecord->getDbConnection()
#6 C:\projects\yii.my\www\yii\framework\db\ar\CActiveRecord.php(372): CActiveRecordMetaData->__construct(Object(Post))
#7 C:\projects\yii.my\www\yii\framework\web\CActiveDataProvider.php(72): CActiveRecord::model('Post')
#8 C:\projects\yii.my\www\yii\demos\blog\protected\controllers\PostController.php(132): CActiveDataProvider->__construct('Post', Array)
#9 C:\projects\yii.my\www\yii\framework\web\actions\CInlineAction.php(50): PostController->actionIndex()
#10 C:\projects\yii.my\www\yii\framework\web\CController.php(300): CInlineAction->runWithParams(Array)
#11 C:\projects\yii.my\www\yii\framework\web\filters\CFilterChain.php(134): CController->runAction(Object(CInlineAction))
#12 C:\projects\yii.my\www\yii\framework\web\filters\CFilter.php(41): CFilterChain->run()
#13 C:\projects\yii.my\www\yii\framework\web\CController.php(1144): CFilter->filter(Object(CFilterChain))
#14 C:\projects\yii.my\www\yii\framework\web\filters\CInlineFilter.php(59): CController->filterAccessControl(Object(CFilterChain))
#15 C:\projects\yii.my\www\yii\framework\web\filters\CFilterChain.php(131): CInlineFilter->filter(Object(CFilterChain))
#16 C:\projects\yii.my\www\yii\framework\web\CController.php(283): CFilterChain->run()
#17 C:\projects\yii.my\www\yii\framework\web\CController.php(257): CController->runActionWithFilters(Object(CInlineAction), Array)
#18 C:\projects\yii.my\www\yii\framework\web\CWebApplication.php(277): CController->run('index')
#19 C:\projects\yii.my\www\yii\framework\web\CWebApplication.php(136): CWebApplication->runController('post/index')
#20 C:\projects\yii.my\www\yii\framework\base\CApplication.php(158): CWebApplication->processRequest()
#21 C:\projects\yii.my\www\yii\demos\blog\index.php(11): CApplication->run()
#22 {main} REQUEST_URI=/yii/demos/blog/index.php/post/index
2011/08/12 08:57:17 [error] [exception.CDbException] could not find driver
2011/08/12 08:57:17 [error] [exception.CDbException] exception 'CDbException' with message 'CDbConnection failed to open the DB connection.' in C:\projects\yii.my\www\yii\framework\db\CDbConnection.php:370
Stack trace:
#0 C:\projects\yii.my\www\yii\framework\db\CDbConnection.php(313): CDbConnection->open()
#1 C:\projects\yii.my\www\yii\framework\db\CDbConnection.php(291): CDbConnection->setActive(true)
#2 C:\projects\yii.my\www\yii\framework\base\CModule.php(372): CDbConnection->init()
#3 C:\projects\yii.my\www\yii\framework\base\CApplication.php(429): CModule->getComponent('db')
#4 C:\projects\yii.my\www\yii\framework\db\ar\CActiveRecord.php(609): CApplication->getDb()
#5 C:\projects\yii.my\www\yii\framework\db\ar\CActiveRecord.php(2275): CActiveRecord->getDbConnection()
#6 C:\projects\yii.my\www\yii\framework\db\ar\CActiveRecord.php(372): CActiveRecordMetaData->__construct(Object(Post))
#7 C:\projects\yii.my\www\yii\framework\web\CActiveDataProvider.php(72): CActiveRecord::model('Post')
#8 C:\projects\yii.my\www\yii\demos\blog\protected\controllers\PostController.php(132): CActiveDataProvider->__construct('Post', Array)
#9 C:\projects\yii.my\www\yii\framework\web\actions\CInlineAction.php(50): PostController->actionIndex()
#10 C:\projects\yii.my\www\yii\framework\web\CController.php(300): CInlineAction->runWithParams(Array)
#11 C:\projects\yii.my\www\yii\framework\web\filters\CFilterChain.php(134): CController->runAction(Object(CInlineAction))
#12 C:\projects\yii.my\www\yii\framework\web\filters\CFilter.php(41): CFilterChain->run()
#13 C:\projects\yii.my\www\yii\framework\web\CController.php(1144): CFilter->filter(Object(CFilterChain))
#14 C:\projects\yii.my\www\yii\framework\web\filters\CInlineFilter.php(59): CController->filterAccessControl(Object(CFilterChain))
#15 C:\projects\yii.my\www\yii\framework\web\filters\CFilterChain.php(131): CInlineFilter->filter(Object(CFilterChain))
#16 C:\projects\yii.my\www\yii\framework\web\CController.php(283): CFilterChain->run()
#17 C:\projects\yii.my\www\yii\framework\web\CController.php(257): CController->runActionWithFilters(Object(CInlineAction), Array)
#18 C:\projects\yii.my\www\yii\framework\web\CWebApplication.php(277): CController->run('')
#19 C:\projects\yii.my\www\yii\framework\web\CWebApplication.php(136): CWebApplication->runController('')
#20 C:\projects\yii.my\www\yii\framework\base\CApplication.php(158): CWebApplication->processRequest()
#21 C:\projects\yii.my\www\yii\demos\blog\index.php(11): CApplication->run()
#22 {main} REQUEST_URI=/yii/demos/blog/
2011/08/12 08:58:01 [error] [exception.CDbException] could not find driver
2011/08/12 08:58:01 [error] [exception.CDbException] exception 'CDbException' with message 'CDbConnection failed to open the DB connection.' in C:\projects\yii.my\www\yii\framework\db\CDbConnection.php:370
Stack trace:
#0 C:\projects\yii.my\www\yii\framework\db\CDbConnection.php(313): CDbConnection->open()
#1 C:\projects\yii.my\www\yii\framework\db\CDbConnection.php(291): CDbConnection->setActive(true)
#2 C:\projects\yii.my\www\yii\framework\base\CModule.php(372): CDbConnection->init()
#3 C:\projects\yii.my\www\yii\framework\base\CApplication.php(429): CModule->getComponent('db')
#4 C:\projects\yii.my\www\yii\framework\db\ar\CActiveRecord.php(609): CApplication->getDb()
#5 C:\projects\yii.my\www\yii\framework\db\ar\CActiveRecord.php(2275): CActiveRecord->getDbConnection()
#6 C:\projects\yii.my\www\yii\framework\db\ar\CActiveRecord.php(372): CActiveRecordMetaData->__construct(Object(Post))
#7 C:\projects\yii.my\www\yii\framework\web\CActiveDataProvider.php(72): CActiveRecord::model('Post')
#8 C:\projects\yii.my\www\yii\demos\blog\protected\controllers\PostController.php(132): CActiveDataProvider->__construct('Post', Array)
#9 C:\projects\yii.my\www\yii\framework\web\actions\CInlineAction.php(50): PostController->actionIndex()
#10 C:\projects\yii.my\www\yii\framework\web\CController.php(300): CInlineAction->runWithParams(Array)
#11 C:\projects\yii.my\www\yii\framework\web\filters\CFilterChain.php(134): CController->runAction(Object(CInlineAction))
#12 C:\projects\yii.my\www\yii\framework\web\filters\CFilter.php(41): CFilterChain->run()
#13 C:\projects\yii.my\www\yii\framework\web\CController.php(1144): CFilter->filter(Object(CFilterChain))
#14 C:\projects\yii.my\www\yii\framework\web\filters\CInlineFilter.php(59): CController->filterAccessControl(Object(CFilterChain))
#15 C:\projects\yii.my\www\yii\framework\web\filters\CFilterChain.php(131): CInlineFilter->filter(Object(CFilterChain))
#16 C:\projects\yii.my\www\yii\framework\web\CController.php(283): CFilterChain->run()
#17 C:\projects\yii.my\www\yii\framework\web\CController.php(257): CController->runActionWithFilters(Object(CInlineAction), Array)
#18 C:\projects\yii.my\www\yii\framework\web\CWebApplication.php(277): CController->run('')
#19 C:\projects\yii.my\www\yii\framework\web\CWebApplication.php(136): CWebApplication->runController('')
#20 C:\projects\yii.my\www\yii\framework\base\CApplication.php(158): CWebApplication->processRequest()
#21 C:\projects\yii.my\www\yii\demos\blog\index.php(11): CApplication->run()
#22 {main} REQUEST_URI=/yii/demos/blog/
2011/08/12 08:58:02 [error] [exception.CDbException] could not find driver
2011/08/12 08:58:02 [error] [exception.CDbException] exception 'CDbException' with message 'CDbConnection failed to open the DB connection.' in C:\projects\yii.my\www\yii\framework\db\CDbConnection.php:370
Stack trace:
#0 C:\projects\yii.my\www\yii\framework\db\CDbConnection.php(313): CDbConnection->open()
#1 C:\projects\yii.my\www\yii\framework\db\CDbConnection.php(291): CDbConnection->setActive(true)
#2 C:\projects\yii.my\www\yii\framework\base\CModule.php(372): CDbConnection->init()
#3 C:\projects\yii.my\www\yii\framework\base\CApplication.php(429): CModule->getComponent('db')
#4 C:\projects\yii.my\www\yii\framework\db\ar\CActiveRecord.php(609): CApplication->getDb()
#5 C:\projects\yii.my\www\yii\framework\db\ar\CActiveRecord.php(2275): CActiveRecord->getDbConnection()
#6 C:\projects\yii.my\www\yii\framework\db\ar\CActiveRecord.php(372): CActiveRecordMetaData->__construct(Object(Post))
#7 C:\projects\yii.my\www\yii\framework\web\CActiveDataProvider.php(72): CActiveRecord::model('Post')
#8 C:\projects\yii.my\www\yii\demos\blog\protected\controllers\PostController.php(132): CActiveDataProvider->__construct('Post', Array)
#9 C:\projects\yii.my\www\yii\framework\web\actions\CInlineAction.php(50): PostController->actionIndex()
#10 C:\projects\yii.my\www\yii\framework\web\CController.php(300): CInlineAction->runWithParams(Array)
#11 C:\projects\yii.my\www\yii\framework\web\filters\CFilterChain.php(134): CController->runAction(Object(CInlineAction))
#12 C:\projects\yii.my\www\yii\framework\web\filters\CFilter.php(41): CFilterChain->run()
#13 C:\projects\yii.my\www\yii\framework\web\CController.php(1144): CFilter->filter(Object(CFilterChain))
#14 C:\projects\yii.my\www\yii\framework\web\filters\CInlineFilter.php(59): CController->filterAccessControl(Object(CFilterChain))
#15 C:\projects\yii.my\www\yii\framework\web\filters\CFilterChain.php(131): CInlineFilter->filter(Object(CFilterChain))
#16 C:\projects\yii.my\www\yii\framework\web\CController.php(283): CFilterChain->run()
#17 C:\projects\yii.my\www\yii\framework\web\CController.php(257): CController->runActionWithFilters(Object(CInlineAction), Array)
#18 C:\projects\yii.my\www\yii\framework\web\CWebApplication.php(277): CController->run('')
#19 C:\projects\yii.my\www\yii\framework\web\CWebApplication.php(136): CWebApplication->runController('')
#20 C:\projects\yii.my\www\yii\framework\base\CApplication.php(158): CWebApplication->processRequest()
#21 C:\projects\yii.my\www\yii\demos\blog\index.php(11): CApplication->run()
#22 {main} REQUEST_URI=/yii/demos/blog/
2011/08/12 08:58:03 [error] [exception.CDbException] could not find driver
2011/08/12 08:58:03 [error] [exception.CDbException] exception 'CDbException' with message 'CDbConnection failed to open the DB connection.' in C:\projects\yii.my\www\yii\framework\db\CDbConnection.php:370
Stack trace:
#0 C:\projects\yii.my\www\yii\framework\db\CDbConnection.php(313): CDbConnection->open()
#1 C:\projects\yii.my\www\yii\framework\db\CDbConnection.php(291): CDbConnection->setActive(true)
#2 C:\projects\yii.my\www\yii\framework\base\CModule.php(372): CDbConnection->init()
#3 C:\projects\yii.my\www\yii\framework\base\CApplication.php(429): CModule->getComponent('db')
#4 C:\projects\yii.my\www\yii\framework\db\ar\CActiveRecord.php(609): CApplication->getDb()
#5 C:\projects\yii.my\www\yii\framework\db\ar\CActiveRecord.php(2275): CActiveRecord->getDbConnection()
#6 C:\projects\yii.my\www\yii\framework\db\ar\CActiveRecord.php(372): CActiveRecordMetaData->__construct(Object(Post))
#7 C:\projects\yii.my\www\yii\framework\web\CActiveDataProvider.php(72): CActiveRecord::model('Post')
#8 C:\projects\yii.my\www\yii\demos\blog\protected\controllers\PostController.php(132): CActiveDataProvider->__construct('Post', Array)
#9 C:\projects\yii.my\www\yii\framework\web\actions\CInlineAction.php(50): PostController->actionIndex()
#10 C:\projects\yii.my\www\yii\framework\web\CController.php(300): CInlineAction->runWithParams(Array)
#11 C:\projects\yii.my\www\yii\framework\web\filters\CFilterChain.php(134): CController->runAction(Object(CInlineAction))
#12 C:\projects\yii.my\www\yii\framework\web\filters\CFilter.php(41): CFilterChain->run()
#13 C:\projects\yii.my\www\yii\framework\web\CController.php(1144): CFilter->filter(Object(CFilterChain))
#14 C:\projects\yii.my\www\yii\framework\web\filters\CInlineFilter.php(59): CController->filterAccessControl(Object(CFilterChain))
#15 C:\projects\yii.my\www\yii\framework\web\filters\CFilterChain.php(131): CInlineFilter->filter(Object(CFilterChain))
#16 C:\projects\yii.my\www\yii\framework\web\CController.php(283): CFilterChain->run()
#17 C:\projects\yii.my\www\yii\framework\web\CController.php(257): CController->runActionWithFilters(Object(CInlineAction), Array)
#18 C:\projects\yii.my\www\yii\framework\web\CWebApplication.php(277): CController->run('')
#19 C:\projects\yii.my\www\yii\framework\web\CWebApplication.php(136): CWebApplication->runController('')
#20 C:\projects\yii.my\www\yii\framework\base\CApplication.php(158): CWebApplication->processRequest()
#21 C:\projects\yii.my\www\yii\demos\blog\index.php(11): CApplication->run()
#22 {main} REQUEST_URI=/yii/demos/blog/
2011/08/12 08:58:28 [error] [exception.CDbException] could not find driver
2011/08/12 08:58:28 [error] [exception.CDbException] exception 'CDbException' with message 'CDbConnection failed to open the DB connection.' in C:\projects\yii.my\www\yii\framework\db\CDbConnection.php:370
Stack trace:
#0 C:\projects\yii.my\www\yii\framework\db\CDbConnection.php(313): CDbConnection->open()
#1 C:\projects\yii.my\www\yii\framework\db\CDbConnection.php(291): CDbConnection->setActive(true)
#2 C:\projects\yii.my\www\yii\framework\base\CModule.php(372): CDbConnection->init()
#3 C:\projects\yii.my\www\yii\framework\base\CApplication.php(429): CModule->getComponent('db')
#4 C:\projects\yii.my\www\yii\framework\db\ar\CActiveRecord.php(609): CApplication->getDb()
#5 C:\projects\yii.my\www\yii\framework\db\ar\CActiveRecord.php(2275): CActiveRecord->getDbConnection()
#6 C:\projects\yii.my\www\yii\framework\db\ar\CActiveRecord.php(372): CActiveRecordMetaData->__construct(Object(Post))
#7 C:\projects\yii.my\www\yii\framework\web\CActiveDataProvider.php(72): CActiveRecord::model('Post')
#8 C:\projects\yii.my\www\yii\demos\blog\protected\controllers\PostController.php(132): CActiveDataProvider->__construct('Post', Array)
#9 C:\projects\yii.my\www\yii\framework\web\actions\CInlineAction.php(50): PostController->actionIndex()
#10 C:\projects\yii.my\www\yii\framework\web\CController.php(300): CInlineAction->runWithParams(Array)
#11 C:\projects\yii.my\www\yii\framework\web\filters\CFilterChain.php(134): CController->runAction(Object(CInlineAction))
#12 C:\projects\yii.my\www\yii\framework\web\filters\CFilter.php(41): CFilterChain->run()
#13 C:\projects\yii.my\www\yii\framework\web\CController.php(1144): CFilter->filter(Object(CFilterChain))
#14 C:\projects\yii.my\www\yii\framework\web\filters\CInlineFilter.php(59): CController->filterAccessControl(Object(CFilterChain))
#15 C:\projects\yii.my\www\yii\framework\web\filters\CFilterChain.php(131): CInlineFilter->filter(Object(CFilterChain))
#16 C:\projects\yii.my\www\yii\framework\web\CController.php(283): CFilterChain->run()
#17 C:\projects\yii.my\www\yii\framework\web\CController.php(257): CController->runActionWithFilters(Object(CInlineAction), Array)
#18 C:\projects\yii.my\www\yii\framework\web\CWebApplication.php(277): CController->run('')
#19 C:\projects\yii.my\www\yii\framework\web\CWebApplication.php(136): CWebApplication->runController('')
#20 C:\projects\yii.my\www\yii\framework\base\CApplication.php(158): CWebApplication->processRequest()
#21 C:\projects\yii.my\www\yii\demos\blog\index.php(11): CApplication->run()
#22 {main} REQUEST_URI=/yii/demos/blog/
2011/08/12 08:58:29 [error] [exception.CDbException] could not find driver
2011/08/12 08:58:29 [error] [exception.CDbException] exception 'CDbException' with message 'CDbConnection failed to open the DB connection.' in C:\projects\yii.my\www\yii\framework\db\CDbConnection.php:370
Stack trace:
#0 C:\projects\yii.my\www\yii\framework\db\CDbConnection.php(313): CDbConnection->open()
#1 C:\projects\yii.my\www\yii\framework\db\CDbConnection.php(291): CDbConnection->setActive(true)
#2 C:\projects\yii.my\www\yii\framework\base\CModule.php(372): CDbConnection->init()
#3 C:\projects\yii.my\www\yii\framework\base\CApplication.php(429): CModule->getComponent('db')
#4 C:\projects\yii.my\www\yii\framework\db\ar\CActiveRecord.php(609): CApplication->getDb()
#5 C:\projects\yii.my\www\yii\framework\db\ar\CActiveRecord.php(2275): CActiveRecord->getDbConnection()
#6 C:\projects\yii.my\www\yii\framework\db\ar\CActiveRecord.php(372): CActiveRecordMetaData->__construct(Object(Post))
#7 C:\projects\yii.my\www\yii\framework\web\CActiveDataProvider.php(72): CActiveRecord::model('Post')
#8 C:\projects\yii.my\www\yii\demos\blog\protected\controllers\PostController.php(132): CActiveDataProvider->__construct('Post', Array)
#9 C:\projects\yii.my\www\yii\framework\web\actions\CInlineAction.php(50): PostController->actionIndex()
#10 C:\projects\yii.my\www\yii\framework\web\CController.php(300): CInlineAction->runWithParams(Array)
#11 C:\projects\yii.my\www\yii\framework\web\filters\CFilterChain.php(134): CController->runAction(Object(CInlineAction))
#12 C:\projects\yii.my\www\yii\framework\web\filters\CFilter.php(41): CFilterChain->run()
#13 C:\projects\yii.my\www\yii\framework\web\CController.php(1144): CFilter->filter(Object(CFilterChain))
#14 C:\projects\yii.my\www\yii\framework\web\filters\CInlineFilter.php(59): CController->filterAccessControl(Object(CFilterChain))
#15 C:\projects\yii.my\www\yii\framework\web\filters\CFilterChain.php(131): CInlineFilter->filter(Object(CFilterChain))
#16 C:\projects\yii.my\www\yii\framework\web\CController.php(283): CFilterChain->run()
#17 C:\projects\yii.my\www\yii\framework\web\CController.php(257): CController->runActionWithFilters(Object(CInlineAction), Array)
#18 C:\projects\yii.my\www\yii\framework\web\CWebApplication.php(277): CController->run('')
#19 C:\projects\yii.my\www\yii\framework\web\CWebApplication.php(136): CWebApplication->runController('')
#20 C:\projects\yii.my\www\yii\framework\base\CApplication.php(158): CWebApplication->processRequest()
#21 C:\projects\yii.my\www\yii\demos\blog\index.php(11): CApplication->run()
#22 {main} REQUEST_URI=/yii/demos/blog/
2011/08/12 08:58:31 [error] [exception.CDbException] could not find driver
2011/08/12 08:58:31 [error] [exception.CDbException] exception 'CDbException' with message 'CDbConnection failed to open the DB connection.' in C:\projects\yii.my\www\yii\framework\db\CDbConnection.php:370
Stack trace:
#0 C:\projects\yii.my\www\yii\framework\db\CDbConnection.php(313): CDbConnection->open()
#1 C:\projects\yii.my\www\yii\framework\db\CDbConnection.php(291): CDbConnection->setActive(true)
#2 C:\projects\yii.my\www\yii\framework\base\CModule.php(372): CDbConnection->init()
#3 C:\projects\yii.my\www\yii\framework\base\CApplication.php(429): CModule->getComponent('db')
#4 C:\projects\yii.my\www\yii\framework\db\ar\CActiveRecord.php(609): CApplication->getDb()
#5 C:\projects\yii.my\www\yii\framework\db\ar\CActiveRecord.php(2275): CActiveRecord->getDbConnection()
#6 C:\projects\yii.my\www\yii\framework\db\ar\CActiveRecord.php(372): CActiveRecordMetaData->__construct(Object(Post))
#7 C:\projects\yii.my\www\yii\framework\web\CActiveDataProvider.php(72): CActiveRecord::model('Post')
#8 C:\projects\yii.my\www\yii\demos\blog\protected\controllers\PostController.php(132): CActiveDataProvider->__construct('Post', Array)
#9 C:\projects\yii.my\www\yii\framework\web\actions\CInlineAction.php(50): PostController->actionIndex()
#10 C:\projects\yii.my\www\yii\framework\web\CController.php(300): CInlineAction->runWithParams(Array)
#11 C:\projects\yii.my\www\yii\framework\web\filters\CFilterChain.php(134): CController->runAction(Object(CInlineAction))
#12 C:\projects\yii.my\www\yii\framework\web\filters\CFilter.php(41): CFilterChain->run()
#13 C:\projects\yii.my\www\yii\framework\web\CController.php(1144): CFilter->filter(Object(CFilterChain))
#14 C:\projects\yii.my\www\yii\framework\web\filters\CInlineFilter.php(59): CController->filterAccessControl(Object(CFilterChain))
#15 C:\projects\yii.my\www\yii\framework\web\filters\CFilterChain.php(131): CInlineFilter->filter(Object(CFilterChain))
#16 C:\projects\yii.my\www\yii\framework\web\CController.php(283): CFilterChain->run()
#17 C:\projects\yii.my\www\yii\framework\web\CController.php(257): CController->runActionWithFilters(Object(CInlineAction), Array)
#18 C:\projects\yii.my\www\yii\framework\web\CWebApplication.php(277): CController->run('index')
#19 C:\projects\yii.my\www\yii\framework\web\CWebApplication.php(136): CWebApplication->runController('post/index')
#20 C:\projects\yii.my\www\yii\framework\base\CApplication.php(158): CWebApplication->processRequest()
#21 C:\projects\yii.my\www\yii\demos\blog\index.php(11): CApplication->run()
#22 {main} REQUEST_URI=/yii/demos/blog/index.php/post/index
2011/08/12 09:00:39 [error] [exception.CDbException] could not find driver
2011/08/12 09:00:39 [error] [exception.CDbException] exception 'CDbException' with message 'CDbConnection failed to open the DB connection.' in C:\projects\yii.my\www\yii\framework\db\CDbConnection.php:370
Stack trace:
#0 C:\projects\yii.my\www\yii\framework\db\CDbConnection.php(313): CDbConnection->open()
#1 C:\projects\yii.my\www\yii\framework\db\CDbConnection.php(291): CDbConnection->setActive(true)
#2 C:\projects\yii.my\www\yii\framework\base\CModule.php(372): CDbConnection->init()
#3 C:\projects\yii.my\www\yii\framework\base\CApplication.php(429): CModule->getComponent('db')
#4 C:\projects\yii.my\www\yii\framework\db\ar\CActiveRecord.php(609): CApplication->getDb()
#5 C:\projects\yii.my\www\yii\framework\db\ar\CActiveRecord.php(2275): CActiveRecord->getDbConnection()
#6 C:\projects\yii.my\www\yii\framework\db\ar\CActiveRecord.php(372): CActiveRecordMetaData->__construct(Object(Post))
#7 C:\projects\yii.my\www\yii\framework\web\CActiveDataProvider.php(72): CActiveRecord::model('Post')
#8 C:\projects\yii.my\www\yii\demos\blog\protected\controllers\PostController.php(132): CActiveDataProvider->__construct('Post', Array)
#9 C:\projects\yii.my\www\yii\framework\web\actions\CInlineAction.php(50): PostController->actionIndex()
#10 C:\projects\yii.my\www\yii\framework\web\CController.php(300): CInlineAction->runWithParams(Array)
#11 C:\projects\yii.my\www\yii\framework\web\filters\CFilterChain.php(134): CController->runAction(Object(CInlineAction))
#12 C:\projects\yii.my\www\yii\framework\web\filters\CFilter.php(41): CFilterChain->run()
#13 C:\projects\yii.my\www\yii\framework\web\CController.php(1144): CFilter->filter(Object(CFilterChain))
#14 C:\projects\yii.my\www\yii\framework\web\filters\CInlineFilter.php(59): CController->filterAccessControl(Object(CFilterChain))
#15 C:\projects\yii.my\www\yii\framework\web\filters\CFilterChain.php(131): CInlineFilter->filter(Object(CFilterChain))
#16 C:\projects\yii.my\www\yii\framework\web\CController.php(283): CFilterChain->run()
#17 C:\projects\yii.my\www\yii\framework\web\CController.php(257): CController->runActionWithFilters(Object(CInlineAction), Array)
#18 C:\projects\yii.my\www\yii\framework\web\CWebApplication.php(277): CController->run('index')
#19 C:\projects\yii.my\www\yii\framework\web\CWebApplication.php(136): CWebApplication->runController('post/index')
#20 C:\projects\yii.my\www\yii\framework\base\CApplication.php(158): CWebApplication->processRequest()
#21 C:\projects\yii.my\www\yii\demos\blog\index.php(11): CApplication->run()
#22 {main} REQUEST_URI=/yii/demos/blog/index.php/post/index
2011/08/12 09:00:56 [error] [exception.CDbException] could not find driver
2011/08/12 09:00:56 [error] [exception.CDbException] exception 'CDbException' with message 'CDbConnection failed to open the DB connection.' in C:\projects\yii.my\www\yii\framework\db\CDbConnection.php:370
Stack trace:
#0 C:\projects\yii.my\www\yii\framework\db\CDbConnection.php(313): CDbConnection->open()
#1 C:\projects\yii.my\www\yii\framework\db\CDbConnection.php(291): CDbConnection->setActive(true)
#2 C:\projects\yii.my\www\yii\framework\base\CModule.php(372): CDbConnection->init()
#3 C:\projects\yii.my\www\yii\framework\base\CApplication.php(429): CModule->getComponent('db')
#4 C:\projects\yii.my\www\yii\framework\db\ar\CActiveRecord.php(609): CApplication->getDb()
#5 C:\projects\yii.my\www\yii\framework\db\ar\CActiveRecord.php(2275): CActiveRecord->getDbConnection()
#6 C:\projects\yii.my\www\yii\framework\db\ar\CActiveRecord.php(372): CActiveRecordMetaData->__construct(Object(Post))
#7 C:\projects\yii.my\www\yii\framework\web\CActiveDataProvider.php(72): CActiveRecord::model('Post')
#8 C:\projects\yii.my\www\yii\demos\blog\protected\controllers\PostController.php(132): CActiveDataProvider->__construct('Post', Array)
#9 C:\projects\yii.my\www\yii\framework\web\actions\CInlineAction.php(50): PostController->actionIndex()
#10 C:\projects\yii.my\www\yii\framework\web\CController.php(300): CInlineAction->runWithParams(Array)
#11 C:\projects\yii.my\www\yii\framework\web\filters\CFilterChain.php(134): CController->runAction(Object(CInlineAction))
#12 C:\projects\yii.my\www\yii\framework\web\filters\CFilter.php(41): CFilterChain->run()
#13 C:\projects\yii.my\www\yii\framework\web\CController.php(1144): CFilter->filter(Object(CFilterChain))
#14 C:\projects\yii.my\www\yii\framework\web\filters\CInlineFilter.php(59): CController->filterAccessControl(Object(CFilterChain))
#15 C:\projects\yii.my\www\yii\framework\web\filters\CFilterChain.php(131): CInlineFilter->filter(Object(CFilterChain))
#16 C:\projects\yii.my\www\yii\framework\web\CController.php(283): CFilterChain->run()
#17 C:\projects\yii.my\www\yii\framework\web\CController.php(257): CController->runActionWithFilters(Object(CInlineAction), Array)
#18 C:\projects\yii.my\www\yii\framework\web\CWebApplication.php(277): CController->run('index')
#19 C:\projects\yii.my\www\yii\framework\web\CWebApplication.php(136): CWebApplication->runController('post/index')
#20 C:\projects\yii.my\www\yii\framework\base\CApplication.php(158): CWebApplication->processRequest()
#21 C:\projects\yii.my\www\yii\demos\blog\index.php(11): CApplication->run()
#22 {main} REQUEST_URI=/yii/demos/blog/index.php/post/index
2011/08/12 09:00:56 [error] [exception.CDbException] could not find driver
2011/08/12 09:01:25 [error] [exception.CDbException] could not find driver
2011/08/12 09:01:25 [error] [exception.CDbException] exception 'CDbException' with message 'CDbConnection failed to open the DB connection.' in C:\projects\yii.my\www\yii\framework\db\CDbConnection.php:370
Stack trace:
#0 C:\projects\yii.my\www\yii\framework\db\CDbConnection.php(313): CDbConnection->open()
#1 C:\projects\yii.my\www\yii\framework\db\CDbConnection.php(291): CDbConnection->setActive(true)
#2 C:\projects\yii.my\www\yii\framework\base\CModule.php(372): CDbConnection->init()
#3 C:\projects\yii.my\www\yii\framework\base\CApplication.php(429): CModule->getComponent('db')
#4 C:\projects\yii.my\www\yii\framework\db\ar\CActiveRecord.php(609): CApplication->getDb()
#5 C:\projects\yii.my\www\yii\framework\db\ar\CActiveRecord.php(2275): CActiveRecord->getDbConnection()
#6 C:\projects\yii.my\www\yii\framework\db\ar\CActiveRecord.php(372): CActiveRecordMetaData->__construct(Object(Post))
#7 C:\projects\yii.my\www\yii\framework\web\CActiveDataProvider.php(72): CActiveRecord::model('Post')
#8 C:\projects\yii.my\www\yii\demos\blog\protected\controllers\PostController.php(132): CActiveDataProvider->__construct('Post', Array)
#9 C:\projects\yii.my\www\yii\framework\web\actions\CInlineAction.php(50): PostController->actionIndex()
#10 C:\projects\yii.my\www\yii\framework\web\CController.php(300): CInlineAction->runWithParams(Array)
#11 C:\projects\yii.my\www\yii\framework\web\filters\CFilterChain.php(134): CController->runAction(Object(CInlineAction))
#12 C:\projects\yii.my\www\yii\framework\web\filters\CFilter.php(41): CFilterChain->run()
#13 C:\projects\yii.my\www\yii\framework\web\CController.php(1144): CFilter->filter(Object(CFilterChain))
#14 C:\projects\yii.my\www\yii\framework\web\filters\CInlineFilter.php(59): CController->filterAccessControl(Object(CFilterChain))
#15 C:\projects\yii.my\www\yii\framework\web\filters\CFilterChain.php(131): CInlineFilter->filter(Object(CFilterChain))
#16 C:\projects\yii.my\www\yii\framework\web\CController.php(283): CFilterChain->run()
#17 C:\projects\yii.my\www\yii\framework\web\CController.php(257): CController->runActionWithFilters(Object(CInlineAction), Array)
#18 C:\projects\yii.my\www\yii\framework\web\CWebApplication.php(277): CController->run('index')
#19 C:\projects\yii.my\www\yii\framework\web\CWebApplication.php(136): CWebApplication->runController('post/index')
#20 C:\projects\yii.my\www\yii\framework\base\CApplication.php(158): CWebApplication->processRequest()
#21 C:\projects\yii.my\www\yii\demos\blog\index.php(11): CApplication->run()
#22 {main} REQUEST_URI=/yii/demos/blog/index.php/post/index
2011/08/12 09:01:25 [error] [exception.CDbException] could not find driver
2011/08/12 09:01:26 [error] [exception.CDbException] could not find driver
2011/08/12 09:01:26 [error] [exception.CDbException] exception 'CDbException' with message 'CDbConnection failed to open the DB connection.' in C:\projects\yii.my\www\yii\framework\db\CDbConnection.php:370
Stack trace:
#0 C:\projects\yii.my\www\yii\framework\db\CDbConnection.php(313): CDbConnection->open()
#1 C:\projects\yii.my\www\yii\framework\db\CDbConnection.php(291): CDbConnection->setActive(true)
#2 C:\projects\yii.my\www\yii\framework\base\CModule.php(372): CDbConnection->init()
#3 C:\projects\yii.my\www\yii\framework\base\CApplication.php(429): CModule->getComponent('db')
#4 C:\projects\yii.my\www\yii\framework\db\ar\CActiveRecord.php(609): CApplication->getDb()
#5 C:\projects\yii.my\www\yii\framework\db\ar\CActiveRecord.php(2275): CActiveRecord->getDbConnection()
#6 C:\projects\yii.my\www\yii\framework\db\ar\CActiveRecord.php(372): CActiveRecordMetaData->__construct(Object(Post))
#7 C:\projects\yii.my\www\yii\framework\web\CActiveDataProvider.php(72): CActiveRecord::model('Post')
#8 C:\projects\yii.my\www\yii\demos\blog\protected\controllers\PostController.php(132): CActiveDataProvider->__construct('Post', Array)
#9 C:\projects\yii.my\www\yii\framework\web\actions\CInlineAction.php(50): PostController->actionIndex()
#10 C:\projects\yii.my\www\yii\framework\web\CController.php(300): CInlineAction->runWithParams(Array)
#11 C:\projects\yii.my\www\yii\framework\web\filters\CFilterChain.php(134): CController->runAction(Object(CInlineAction))
#12 C:\projects\yii.my\www\yii\framework\web\filters\CFilter.php(41): CFilterChain->run()
#13 C:\projects\yii.my\www\yii\framework\web\CController.php(1144): CFilter->filter(Object(CFilterChain))
#14 C:\projects\yii.my\www\yii\framework\web\filters\CInlineFilter.php(59): CController->filterAccessControl(Object(CFilterChain))
#15 C:\projects\yii.my\www\yii\framework\web\filters\CFilterChain.php(131): CInlineFilter->filter(Object(CFilterChain))
#16 C:\projects\yii.my\www\yii\framework\web\CController.php(283): CFilterChain->run()
#17 C:\projects\yii.my\www\yii\framework\web\CController.php(257): CController->runActionWithFilters(Object(CInlineAction), Array)
#18 C:\projects\yii.my\www\yii\framework\web\CWebApplication.php(277): CController->run('index')
#19 C:\projects\yii.my\www\yii\framework\web\CWebApplication.php(136): CWebApplication->runController('post/index')
#20 C:\projects\yii.my\www\yii\framework\base\CApplication.php(158): CWebApplication->processRequest()
#21 C:\projects\yii.my\www\yii\demos\blog\index.php(11): CApplication->run()
#22 {main} REQUEST_URI=/yii/demos/blog/index.php/post/index
2011/08/12 09:01:26 [error] [exception.CDbException] could not find driver
2011/08/12 09:01:27 [error] [exception.CDbException] could not find driver
2011/08/12 09:01:27 [error] [exception.CDbException] exception 'CDbException' with message 'CDbConnection failed to open the DB connection.' in C:\projects\yii.my\www\yii\framework\db\CDbConnection.php:370
Stack trace:
#0 C:\projects\yii.my\www\yii\framework\db\CDbConnection.php(313): CDbConnection->open()
#1 C:\projects\yii.my\www\yii\framework\db\CDbConnection.php(291): CDbConnection->setActive(true)
#2 C:\projects\yii.my\www\yii\framework\base\CModule.php(372): CDbConnection->init()
#3 C:\projects\yii.my\www\yii\framework\base\CApplication.php(429): CModule->getComponent('db')
#4 C:\projects\yii.my\www\yii\framework\db\ar\CActiveRecord.php(609): CApplication->getDb()
#5 C:\projects\yii.my\www\yii\framework\db\ar\CActiveRecord.php(2275): CActiveRecord->getDbConnection()
#6 C:\projects\yii.my\www\yii\framework\db\ar\CActiveRecord.php(372): CActiveRecordMetaData->__construct(Object(Post))
#7 C:\projects\yii.my\www\yii\framework\web\CActiveDataProvider.php(72): CActiveRecord::model('Post')
#8 C:\projects\yii.my\www\yii\demos\blog\protected\controllers\PostController.php(132): CActiveDataProvider->__construct('Post', Array)
#9 C:\projects\yii.my\www\yii\framework\web\actions\CInlineAction.php(50): PostController->actionIndex()
#10 C:\projects\yii.my\www\yii\framework\web\CController.php(300): CInlineAction->runWithParams(Array)
#11 C:\projects\yii.my\www\yii\framework\web\filters\CFilterChain.php(134): CController->runAction(Object(CInlineAction))
#12 C:\projects\yii.my\www\yii\framework\web\filters\CFilter.php(41): CFilterChain->run()
#13 C:\projects\yii.my\www\yii\framework\web\CController.php(1144): CFilter->filter(Object(CFilterChain))
#14 C:\projects\yii.my\www\yii\framework\web\filters\CInlineFilter.php(59): CController->filterAccessControl(Object(CFilterChain))
#15 C:\projects\yii.my\www\yii\framework\web\filters\CFilterChain.php(131): CInlineFilter->filter(Object(CFilterChain))
#16 C:\projects\yii.my\www\yii\framework\web\CController.php(283): CFilterChain->run()
#17 C:\projects\yii.my\www\yii\framework\web\CController.php(257): CController->runActionWithFilters(Object(CInlineAction), Array)
#18 C:\projects\yii.my\www\yii\framework\web\CWebApplication.php(277): CController->run('index')
#19 C:\projects\yii.my\www\yii\framework\web\CWebApplication.php(136): CWebApplication->runController('post/index')
#20 C:\projects\yii.my\www\yii\framework\base\CApplication.php(158): CWebApplication->processRequest()
#21 C:\projects\yii.my\www\yii\demos\blog\index.php(11): CApplication->run()
#22 {main} REQUEST_URI=/yii/demos/blog/index.php/post/index
2011/08/12 09:01:27 [error] [exception.CDbException] could not find driver
2011/08/12 09:01:40 [error] [exception.CDbException] could not find driver
2011/08/12 09:01:40 [error] [exception.CDbException] exception 'CDbException' with message 'CDbConnection failed to open the DB connection.' in C:\projects\yii.my\www\yii\framework\db\CDbConnection.php:370
Stack trace:
#0 C:\projects\yii.my\www\yii\framework\db\CDbConnection.php(313): CDbConnection->open()
#1 C:\projects\yii.my\www\yii\framework\db\CDbConnection.php(291): CDbConnection->setActive(true)
#2 C:\projects\yii.my\www\yii\framework\base\CModule.php(372): CDbConnection->init()
#3 C:\projects\yii.my\www\yii\framework\base\CApplication.php(429): CModule->getComponent('db')
#4 C:\projects\yii.my\www\yii\framework\db\ar\CActiveRecord.php(609): CApplication->getDb()
#5 C:\projects\yii.my\www\yii\framework\db\ar\CActiveRecord.php(2275): CActiveRecord->getDbConnection()
#6 C:\projects\yii.my\www\yii\framework\db\ar\CActiveRecord.php(372): CActiveRecordMetaData->__construct(Object(Post))
#7 C:\projects\yii.my\www\yii\framework\web\CActiveDataProvider.php(72): CActiveRecord::model('Post')
#8 C:\projects\yii.my\www\yii\demos\blog\protected\controllers\PostController.php(132): CActiveDataProvider->__construct('Post', Array)
#9 C:\projects\yii.my\www\yii\framework\web\actions\CInlineAction.php(50): PostController->actionIndex()
#10 C:\projects\yii.my\www\yii\framework\web\CController.php(300): CInlineAction->runWithParams(Array)
#11 C:\projects\yii.my\www\yii\framework\web\filters\CFilterChain.php(134): CController->runAction(Object(CInlineAction))
#12 C:\projects\yii.my\www\yii\framework\web\filters\CFilter.php(41): CFilterChain->run()
#13 C:\projects\yii.my\www\yii\framework\web\CController.php(1144): CFilter->filter(Object(CFilterChain))
#14 C:\projects\yii.my\www\yii\framework\web\filters\CInlineFilter.php(59): CController->filterAccessControl(Object(CFilterChain))
#15 C:\projects\yii.my\www\yii\framework\web\filters\CFilterChain.php(131): CInlineFilter->filter(Object(CFilterChain))
#16 C:\projects\yii.my\www\yii\framework\web\CController.php(283): CFilterChain->run()
#17 C:\projects\yii.my\www\yii\framework\web\CController.php(257): CController->runActionWithFilters(Object(CInlineAction), Array)
#18 C:\projects\yii.my\www\yii\framework\web\CWebApplication.php(277): CController->run('index')
#19 C:\projects\yii.my\www\yii\framework\web\CWebApplication.php(136): CWebApplication->runController('post/index')
#20 C:\projects\yii.my\www\yii\framework\base\CApplication.php(158): CWebApplication->processRequest()
#21 C:\projects\yii.my\www\yii\demos\blog\index.php(11): CApplication->run()
#22 {main} REQUEST_URI=/yii/demos/blog/index.php/post/index
2011/08/12 09:01:40 [error] [exception.CDbException] could not find driver
2011/08/12 09:01:41 [error] [exception.CDbException] could not find driver
2011/08/12 09:01:41 [error] [exception.CDbException] exception 'CDbException' with message 'CDbConnection failed to open the DB connection.' in C:\projects\yii.my\www\yii\framework\db\CDbConnection.php:370
Stack trace:
#0 C:\projects\yii.my\www\yii\framework\db\CDbConnection.php(313): CDbConnection->open()
#1 C:\projects\yii.my\www\yii\framework\db\CDbConnection.php(291): CDbConnection->setActive(true)
#2 C:\projects\yii.my\www\yii\framework\base\CModule.php(372): CDbConnection->init()
#3 C:\projects\yii.my\www\yii\framework\base\CApplication.php(429): CModule->getComponent('db')
#4 C:\projects\yii.my\www\yii\framework\db\ar\CActiveRecord.php(609): CApplication->getDb()
#5 C:\projects\yii.my\www\yii\framework\db\ar\CActiveRecord.php(2275): CActiveRecord->getDbConnection()
#6 C:\projects\yii.my\www\yii\framework\db\ar\CActiveRecord.php(372): CActiveRecordMetaData->__construct(Object(Post))
#7 C:\projects\yii.my\www\yii\framework\web\CActiveDataProvider.php(72): CActiveRecord::model('Post')
#8 C:\projects\yii.my\www\yii\demos\blog\protected\controllers\PostController.php(132): CActiveDataProvider->__construct('Post', Array)
#9 C:\projects\yii.my\www\yii\framework\web\actions\CInlineAction.php(50): PostController->actionIndex()
#10 C:\projects\yii.my\www\yii\framework\web\CController.php(300): CInlineAction->runWithParams(Array)
#11 C:\projects\yii.my\www\yii\framework\web\filters\CFilterChain.php(134): CController->runAction(Object(CInlineAction))
#12 C:\projects\yii.my\www\yii\framework\web\filters\CFilter.php(41): CFilterChain->run()
#13 C:\projects\yii.my\www\yii\framework\web\CController.php(1144): CFilter->filter(Object(CFilterChain))
#14 C:\projects\yii.my\www\yii\framework\web\filters\CInlineFilter.php(59): CController->filterAccessControl(Object(CFilterChain))
#15 C:\projects\yii.my\www\yii\framework\web\filters\CFilterChain.php(131): CInlineFilter->filter(Object(CFilterChain))
#16 C:\projects\yii.my\www\yii\framework\web\CController.php(283): CFilterChain->run()
#17 C:\projects\yii.my\www\yii\framework\web\CController.php(257): CController->runActionWithFilters(Object(CInlineAction), Array)
#18 C:\projects\yii.my\www\yii\framework\web\CWebApplication.php(277): CController->run('index')
#19 C:\projects\yii.my\www\yii\framework\web\CWebApplication.php(136): CWebApplication->runController('post/index')
#20 C:\projects\yii.my\www\yii\framework\base\CApplication.php(158): CWebApplication->processRequest()
#21 C:\projects\yii.my\www\yii\demos\blog\index.php(11): CApplication->run()
#22 {main} REQUEST_URI=/yii/demos/blog/index.php/post/index
2011/08/12 09:01:41 [error] [exception.CDbException] could not find driver
2011/08/12 09:02:23 [error] [exception.CDbException] could not find driver
2011/08/12 09:02:23 [error] [exception.CDbException] exception 'CDbException' with message 'CDbConnection failed to open the DB connection.' in C:\projects\yii.my\www\yii\framework\db\CDbConnection.php:370
Stack trace:
#0 C:\projects\yii.my\www\yii\framework\db\CDbConnection.php(313): CDbConnection->open()
#1 C:\projects\yii.my\www\yii\framework\db\CDbConnection.php(291): CDbConnection->setActive(true)
#2 C:\projects\yii.my\www\yii\framework\base\CModule.php(372): CDbConnection->init()
#3 C:\projects\yii.my\www\yii\framework\base\CApplication.php(429): CModule->getComponent('db')
#4 C:\projects\yii.my\www\yii\framework\db\ar\CActiveRecord.php(609): CApplication->getDb()
#5 C:\projects\yii.my\www\yii\framework\db\ar\CActiveRecord.php(2275): CActiveRecord->getDbConnection()
#6 C:\projects\yii.my\www\yii\framework\db\ar\CActiveRecord.php(372): CActiveRecordMetaData->__construct(Object(Post))
#7 C:\projects\yii.my\www\yii\framework\web\CActiveDataProvider.php(72): CActiveRecord::model('Post')
#8 C:\projects\yii.my\www\yii\demos\blog\protected\controllers\PostController.php(132): CActiveDataProvider->__construct('Post', Array)
#9 C:\projects\yii.my\www\yii\framework\web\actions\CInlineAction.php(50): PostController->actionIndex()
#10 C:\projects\yii.my\www\yii\framework\web\CController.php(300): CInlineAction->runWithParams(Array)
#11 C:\projects\yii.my\www\yii\framework\web\filters\CFilterChain.php(134): CController->runAction(Object(CInlineAction))
#12 C:\projects\yii.my\www\yii\framework\web\filters\CFilter.php(41): CFilterChain->run()
#13 C:\projects\yii.my\www\yii\framework\web\CController.php(1144): CFilter->filter(Object(CFilterChain))
#14 C:\projects\yii.my\www\yii\framework\web\filters\CInlineFilter.php(59): CController->filterAccessControl(Object(CFilterChain))
#15 C:\projects\yii.my\www\yii\framework\web\filters\CFilterChain.php(131): CInlineFilter->filter(Object(CFilterChain))
#16 C:\projects\yii.my\www\yii\framework\web\CController.php(283): CFilterChain->run()
#17 C:\projects\yii.my\www\yii\framework\web\CController.php(257): CController->runActionWithFilters(Object(CInlineAction), Array)
#18 C:\projects\yii.my\www\yii\framework\web\CWebApplication.php(277): CController->run('index')
#19 C:\projects\yii.my\www\yii\framework\web\CWebApplication.php(136): CWebApplication->runController('post/index')
#20 C:\projects\yii.my\www\yii\framework\base\CApplication.php(158): CWebApplication->processRequest()
#21 C:\projects\yii.my\www\yii\demos\blog\index.php(11): CApplication->run()
#22 {main} REQUEST_URI=/yii/demos/blog/index.php/post/index
